make.exe all --print-data-base --no-builtin-variables --no-builtin-rules --question
# GNU Make 3.81
# Copyright (C) 2006  Free Software Foundation, Inc.
# This is free software; see the source for copying conditions.
# There is NO warranty; not even for MERCHANTABILITY or FITNESS FOR A
# PARTICULAR PURPOSE.

# This program built for i686-pc-msys
 

# Make data base, printed on Sat May  8 18:24:04 2021

# Variables

# automatic
<D = $(patsubst %/,%,$(dir $<))
# automatic
?F = $(notdir $?)
# environment
ELECTRON_NO_ATTACH_CONSOLE = 1
# makefile
MAKEFLAGS = Rrqp
# environment
VSCODE_LOG_NATIVE = false
# makefile (from `makefile', line 4)
LIBRARY = -LC:\MinGW_lib\SDL2x86\lib
# automatic
?D = $(patsubst %/,%,$(dir $?))
# automatic
@D = $(patsubst %/,%,$(dir $@))
# environment
HOMEDRIVE = C:
# automatic
@F = $(notdir $@)
# automatic
^D = $(patsubst %/,%,$(dir $^))
# makefile
CURDIR := /c/Users/User/Documents/GitHub/SpacedReps
# default
SHELL := /bin/sh
# environment
WINDIR = C:\WINDOWS
# environment
VSCODE_NLS_CONFIG = {"locale":"en-us","availableLanguages":{},"_languagePackSupport":true}
# environment
VBOX_MSI_INSTALL_PATH = C:\Program Files\Oracle\VirtualBox\
# environment
ONEDRIVE = C:\Users\User\OneDrive
# environment
PATHEXT = .COM;.EXE;.BAT;.CMD;.VBS;.VBE;.JS;.JSE;.WSF;.WSH;.MSC
# makefile (from `makefile', line 1)
MAKEFILE_LIST :=  makefile
# environment
VSCODE_NODE_CACHED_DATA_DIR = C:\Users\User\AppData\Roaming\Code\CachedData\cfa2e218100323074ac1948c885448fdf4de2a7f
# environment
TMP = /tmp
# environment
VSCODE_VERBOSE_LOGGING = true
# environment
PROGRAMW6432 = C:\Program Files
# makefile (from `makefile', line 2)
OBJS = src/main.cpp src/gfx/Button.cpp src/gfx/Font.cpp
# environment
PROGRAMDATA = C:\ProgramData
# environment
VSCODE_IPC_HOOK_EXTHOST = \\.\pipe\vscode-ipc-4d1d840f-28dc-499a-8a04-5a3d789526b0-sock
# environment
VSCODE_CWD = C:\Users\User\Documents\GitHub\SpacedReps
# environment
PATH = /c/Program Files (x86)/Razer Chroma SDK/bin:/c/Program Files/Razer Chroma SDK/bin:/c/Program Files (x86)/Razer/ChromaBroadcast/bin:/c/Program Files/Razer/ChromaBroadcast/bin:/c/Program Files (x86)/Common Files/Oracle/Java/javapath:/c/Windows/system32:/c/Windows:/c/Windows/System32/Wbem:/c/Windows/System32/WindowsPowerShell/v1.0/:/c/Windows/System32/OpenSSH/:/c/Program Files (x86)/Common Files/Roxio Shared/DLLShared/:/c/Program Files (x86)/Common Files/Roxio Shared/13.0/DLLShared/:/c/Program Files (x86)/NVIDIA Corporation/PhysX/Common:/c/Program Files/NVIDIA Corporation/NVIDIA NvDLISR:/c/Program Files/nodejs/:/c/WINDOWS/system32:/c/WINDOWS:/c/WINDOWS/System32/Wbem:/c/WINDOWS/System32/WindowsPowerShell/v1.0/:/c/WINDOWS/System32/OpenSSH/:/c/WINDOWS/system32/config/systemprofile/AppData/Local/Microsoft/WindowsApps:/c/Program Files/Git/cmd:/c/Program Files/dotnet/:/c/VisualC_lib/SDL2-2.0.14/lib/x86:/c/ProgramData/chocolatey/bin:/c/HashiCorp/Vagrant/bin:/c/Users/User/AppData/Roaming/npm:/c/Users/User/AppData/Local/Microsoft/WindowsApps:/c/Users/User/AppData/Roaming/npm:/c/Users/User/AppData/Local/atom/bin:/c/Users/User/AppData/Local/Microsoft/WindowsApps:/c/Users/User/AppData/Local/GitHubDesktop/bin:/c/Users/User/AppData/Local/Programs/Microsoft VS Code/bin:/c/Users/User/.dotnet/tools:/c/Program Files/Oracle/VirtualBox:/usr/bin:.
# environment
COMMONPROGRAMW6432 = C:\Program Files\Common Files
# environment
CHOCOLATEYLASTPATHUPDATE = 132595064174173357
# environment
PROCESSOR_ARCHITECTURE = x86
# environment
USERPROFILE = C:\Users\User
# environment
CHOCOLATEYINSTALL = C:\ProgramData\chocolatey
# environment
!C: = c:\Users\User\Documents\GitHub\SpacedReps
# environment
ALLUSERSPROFILE = C:\ProgramData
# environment
VSCODE_LOG_STACK = false
# environment
NUMBER_OF_PROCESSORS = 8
# environment
ELECTRON_RUN_AS_NODE = 1
# default
.FEATURES := target-specific order-only second-expansion else-if archives jobserver check-symlink
# automatic
%F = $(notdir $%)
# environment
CHROME_CRASHPAD_PIPE_NAME = \\.\pipe\crashpad_12108_BOACAOYIZSORFJLY
# environment
SUBLIME = C:\Program Files (x86)\Sublime Text 3
# environment
VSCODE_PIPE_LOGGING = true
# environment
COMPUTERNAME = DESKTOP-R3K26OC
# environment
PROGRAMFILES = C:\Program Files (x86)
# environment
DRIVERDATA = C:\Windows\System32\Drivers\DriverData
# environment
ORIGINAL_XDG_CURRENT_DESKTOP = undefined
# environment
USERNAME = User
# environment
PUBLIC = C:\Users\Public
# environment
VSCODE_AMD_ENTRYPOINT = vs/workbench/services/extensions/node/extensionHostProcess
# environment
VSCODE_CLI = 1
# environment
APPLICATION_INSIGHTS_NO_DIAGNOSTIC_CHANNEL = true
# environment
COMMONPROGRAMFILES = C:\Program Files (x86)\Common Files
# environment
LOGONSERVER = \\DESKTOP-R3K26OC
# environment
ONEDRIVECONSUMER = C:\Users\User\OneDrive
# environment
VSCODE_HANDLES_UNCAUGHT_ERRORS = true
# environment
USERDOMAIN = DESKTOP-R3K26OC
# environment
MAKELEVEL := 0
# default
MAKE = $(MAKE_COMMAND)
# default
MAKECMDGOALS := all
# makefile (from `makefile', line 1)
CC = g++
# default
MAKE_VERSION := 3.81
# makefile
.DEFAULT_GOAL := all
# makefile (from `makefile', line 3)
INCLUDE = -IC:\MinGW_lib\SDL2x86\include
# makefile (from `makefile', line 6)
NAME = SpacedReps
# environment
PROGRAMFILES(X86) = C:\Program Files (x86)
# automatic
%D = $(patsubst %/,%,$(dir $%))
# environment
LOCALAPPDATA = C:\Users\User\AppData\Local
# environment
PSMODULEPATH = C:\Program Files\WindowsPowerShell\Modules;C:\WINDOWS\system32\WindowsPowerShell\v1.0\Modules
# default
MAKE_COMMAND := "make.exe"
# environment
PROCESSOR_ARCHITEW6432 = AMD64
# default
.VARIABLES := 
# automatic
*F = $(notdir $*)
# environment
PROCESSOR_IDENTIFIER = Intel64 Family 6 Model 45 Stepping 7, GenuineIntel
# environment
OS = Windows_NT
# environment
VSCODE_IPC_HOOK = \\.\pipe\ddf78b73f802b4b105ac4da8ec09dfcf-1.56.0-main-sock
# makefile (from `makefile', line 5)
LINKER = -lmingw32 -lSDL2main -lSDL2 -lSDL2_net -lSDL2_ttf
# environment
HOMEPATH = \
# environment
COMMONPROGRAMFILES(X86) = C:\Program Files (x86)\Common Files
# environment
PROMPT = $P$G
# environment
MFLAGS = -Rrqp
# automatic
*D = $(patsubst %/,%,$(dir $*))
# environment
SYSTEMROOT = C:\WINDOWS
# automatic
+D = $(patsubst %/,%,$(dir $+))
# automatic
+F = $(notdir $+)
# environment
APPDATA = C:\Users\User\AppData\Roaming
# environment
TEMP = /tmp
# environment
COMSPEC = C:\WINDOWS\system32\cmd.exe
# default
MAKEFILES := 
# automatic
<F = $(notdir $<)
# environment
LC_ALL = C
# automatic
^F = $(notdir $^)
# default
SUFFIXES := 
# environment
SYSTEMDRIVE = C:
# environment
SESSIONNAME = Console
# environment
PROCESSOR_REVISION = 2d07
# default
.INCLUDE_DIRS = /usr/include /usr/include
# environment
RCAUTOPLAY = C:\Program Files (x86)\Sublime Text 3
# environment
EMC_AUTOPLAY = C:\Program Files (x86)\Common Files\Roxio Shared\
# environment
LANG = C
# environment
PROCESSOR_LEVEL = 6
# environment
TERM = cygwin
# environment
VSCODE_PID = 12108
# environment
USERDOMAIN_ROAMINGPROFILE = DESKTOP-R3K26OC
# variable set hash-table stats:
# Load=104/1024=10%, Rehash=0, Collisions=18/138=13%

# Pattern-specific Variable Values

# No pattern-specific variable values.

# Directories

# . (device 21579, inode 3577512): 13 files, no impossibilities.

# 13 files, no impossibilities in 1 directories.

# Implicit Rules

# No implicit rules.

# Files

all: src/main.cpp src/gfx/Button.cpp src/gfx/Font.cpp
#  Command-line target.
#  Implicit rule search has not been done.
#  Implicit/static pattern stem: `'
#  File does not exist.
#  File has been updated.
#  Needs to be updated (-q is set).
# automatic
# @ := all
# automatic
# % := 
# automatic
# * := 
# automatic
# + := src/main.cpp src/gfx/Button.cpp src/gfx/Font.cpp
# automatic
# | := 
# automatic
# < := src/main.cpp
# automatic
# ^ := src/main.cpp src/gfx/Button.cpp src/gfx/Font.cpp
# automatic
# ? := src/main.cpp src/gfx/Button.cpp src/gfx/Font.cpp
# variable set hash-table stats:
# Load=8/32=25%, Rehash=0, Collisions=3/16=19%
#  commands to execute (from `makefile', line 8):
	$(CC) $(OBJS) $(INCLUDE) $(LIBRARY) $(LINKER) -o $(NAME)
	

# Not a target:
.SUFFIXES:
#  Implicit rule search has not been done.
#  Modification time never checked.
#  File has not been updated.

# Not a target:
makefile:
#  Implicit rule search has been done.
 
#  Last modified 2021-05-07 16:05:25
#  File has been updated.
#  Successfully updated.
# variable set hash-table stats:
# Load=0/32=0%, Rehash=0, Collisions=0/0=0%

# Not a target:
src/gfx/Font.cpp:
#  Implicit rule search has been done.
#  Last modified 2021-05-07 16:16:20
#  File has been updated.
#  Successfully updated.
# variable set hash-table stats:
# Load=0/32=0%, Rehash=0, Collisions=0/0=0%

# Not a target:
.DEFAULT:
#  Implicit rule search has not been done.
#  Modification time never checked.
#  File has not been updated.

# Not a target:
src/gfx/Button.cpp:
#  Implicit rule search has been done.
#  Last modified 2021-05-07 16:08:42
#  File has been updated.
#  Successfully updated.
# variable set hash-table stats:
# Load=0/32=0%, Rehash=0, Collisions=0/0=0%

# Not a target:
src/main.cpp:
#  Implicit rule search has been done.
#  Last modified 2021-05-07 16:17:30
#  File has been updated.
#  Successfully updated.
# variable set hash-table stats:
# Load=0/32=0%, Rehash=0, Collisions=0/0=0%

# files hash-table stats:
# Load=7/1024=1%, Rehash=0, Collisions=0/23=0%
# VPATH Search Paths

# No `vpath' search paths.

# No general (`VPATH' variable) search path.

# # of strings in strcache: 1
# # of strcache buffers: 1
# strcache size: total = 4096 / max = 4096 / min = 4096 / avg = 4096
# strcache free: total = 4087 / max = 4087 / min = 4087 / avg = 4087

# Finished Make data base on Sat May  8 18:24:04 2021

 
